-------------------------------------------------------------------------------
Test set: com.infinitus.rest.InfinitApplicationTests
-------------------------------------------------------------------------------
Tests run: 1, Failures: 0, Errors: 1, Skipped: 0, Time elapsed: 0.392 s <<< FAILURE! - in com.infinitus.rest.InfinitApplicationTests
com.infinitus.rest.InfinitApplicationTests  Time elapsed: 0.391 s  <<< ERROR!
java.lang.IllegalStateException: Unable to find a @SpringBootConfiguration, you need to use @ContextConfiguration or @SpringBootTest(classes=...) with your test

