<?xml version="1.0" encoding="UTF-8"?>
<testsuite xmlns:xsi="http://www.w3.org/2001/XMLSchema-instance" xsi:noNamespaceSchemaLocation="https://maven.apache.org/surefire/maven-surefire-plugin/xsd/surefire-test-report.xsd" name="com.infinitus.rest.InfinitApplicationTests" time="0.392" tests="1" errors="1" skipped="0" failures="0">
  <properties>
[...]
</properties>
  <testcase name="com.infinitus.rest.InfinitApplicationTests" classname="com.infinitus.rest.InfinitApplicationTests" time="0.391">
    <error message="Unable to find a @SpringBootConfiguration, you need to use @ContextConfiguration or @SpringBootTest(classes=...) with your test" type="java.lang.IllegalStateException">java.lang.IllegalStateException: Unable to find a @SpringBootConfiguration, you need to use @ContextConfiguration or @SpringBootTest(classes=...) with your test
</error>
    <system-out><![CDATA[20:06:05.611 [main] DEBUG org.springframework.test.context.BootstrapUtils - Instantiating CacheAwareContextLoaderDelegate from class [org.springframework.test.context.cache.DefaultCacheAwareContextLoaderDelegate]
20:06:05.623 [main] DEBUG org.springframework.test.context.BootstrapUtils - Instantiating BootstrapContext using constructor [public org.springframework.test.context.support.DefaultBootstrapContext(java.lang.Class,org.springframework.test.context.CacheAwareContextLoaderDelegate)]
20:06:05.659 [main] DEBUG org.springframework.test.context.BootstrapUtils - Instantiating TestContextBootstrapper for test class [com.infinitus.rest.InfinitApplicationTests] from class [org.springframework.boot.test.context.SpringBootTestContextBootstrapper]
20:06:05.676 [main] INFO org.springframework.boot.test.context.SpringBootTestContextBootstrapper - Neither @ContextConfiguration nor @ContextHierarchy found for test class [com.infinitus.rest.InfinitApplicationTests], using SpringBootContextLoader
20:06:05.682 [main] DEBUG org.springframework.test.context.support.AbstractContextLoader - Did not detect default resource location for test class [com.infinitus.rest.InfinitApplicationTests]: class path resource [com/infinitus/rest/InfinitApplicationTests-context.xml] does not exist
20:06:05.683 [main] DEBUG org.springframework.test.context.support.AbstractContextLoader - Did not detect default resource location for test class [com.infinitus.rest.InfinitApplicationTests]: class path resource [com/infinitus/rest/InfinitApplicationTestsContext.groovy] does not exist
20:06:05.685 [main] INFO org.springframework.test.context.support.AbstractContextLoader - Could not detect default resource locations for test class [com.infinitus.rest.InfinitApplicationTests]: no resource found for suffixes {-context.xml, Context.groovy}.
20:06:05.687 [main] INFO org.springframework.test.context.support.AnnotationConfigContextLoaderUtils - Could not detect default configuration classes for test class [com.infinitus.rest.InfinitApplicationTests]: InfinitApplicationTests does not declare any static, non-private, non-final, nested classes annotated with @Configuration.
20:06:05.743 [main] DEBUG org.springframework.test.context.support.ActiveProfilesUtils - Could not find an 'annotation declaring class' for annotation type [org.springframework.test.context.ActiveProfiles] and class [com.infinitus.rest.InfinitApplicationTests]
20:06:05.813 [main] DEBUG org.springframework.test.context.BootstrapUtils - Instantiating CacheAwareContextLoaderDelegate from class [org.springframework.test.context.cache.DefaultCacheAwareContextLoaderDelegate]
20:06:05.813 [main] DEBUG org.springframework.test.context.BootstrapUtils - Instantiating BootstrapContext using constructor [public org.springframework.test.context.support.DefaultBootstrapContext(java.lang.Class,org.springframework.test.context.CacheAwareContextLoaderDelegate)]
20:06:05.814 [main] DEBUG org.springframework.test.context.BootstrapUtils - Instantiating TestContextBootstrapper for test class [com.infinitus.rest.InfinitApplicationTests] from class [org.springframework.boot.test.context.SpringBootTestContextBootstrapper]
20:06:05.814 [main] INFO org.springframework.boot.test.context.SpringBootTestContextBootstrapper - Neither @ContextConfiguration nor @ContextHierarchy found for test class [com.infinitus.rest.InfinitApplicationTests], using SpringBootContextLoader
20:06:05.815 [main] DEBUG org.springframework.test.context.support.AbstractContextLoader - Did not detect default resource location for test class [com.infinitus.rest.InfinitApplicationTests]: class path resource [com/infinitus/rest/InfinitApplicationTests-context.xml] does not exist
20:06:05.816 [main] DEBUG org.springframework.test.context.support.AbstractContextLoader - Did not detect default resource location for test class [com.infinitus.rest.InfinitApplicationTests]: class path resource [com/infinitus/rest/InfinitApplicationTestsContext.groovy] does not exist
20:06:05.816 [main] INFO org.springframework.test.context.support.AbstractContextLoader - Could not detect default resource locations for test class [com.infinitus.rest.InfinitApplicationTests]: no resource found for suffixes {-context.xml, Context.groovy}.
20:06:05.816 [main] INFO org.springframework.test.context.support.AnnotationConfigContextLoaderUtils - Could not detect default configuration classes for test class [com.infinitus.rest.InfinitApplicationTests]: InfinitApplicationTests does not declare any static, non-private, non-final, nested classes annotated with @Configuration.
20:06:05.818 [main] DEBUG org.springframework.test.context.support.ActiveProfilesUtils - Could not find an 'annotation declaring class' for annotation type [org.springframework.test.context.ActiveProfiles] and class [com.infinitus.rest.InfinitApplicationTests]
20:06:05.849 [main] DEBUG org.springframework.test.context.BootstrapUtils - Instantiating CacheAwareContextLoaderDelegate from class [org.springframework.test.context.cache.DefaultCacheAwareContextLoaderDelegate]
20:06:05.849 [main] DEBUG org.springframework.test.context.BootstrapUtils - Instantiating BootstrapContext using constructor [public org.springframework.test.context.support.DefaultBootstrapContext(java.lang.Class,org.springframework.test.context.CacheAwareContextLoaderDelegate)]
20:06:05.849 [main] DEBUG org.springframework.test.context.BootstrapUtils - Instantiating TestContextBootstrapper for test class [com.infinitus.rest.InfinitApplicationTests] from class [org.springframework.boot.test.context.SpringBootTestContextBootstrapper]
20:06:05.851 [main] INFO org.springframework.boot.test.context.SpringBootTestContextBootstrapper - Neither @ContextConfiguration nor @ContextHierarchy found for test class [com.infinitus.rest.InfinitApplicationTests], using SpringBootContextLoader
20:06:05.852 [main] DEBUG org.springframework.test.context.support.AbstractContextLoader - Did not detect default resource location for test class [com.infinitus.rest.InfinitApplicationTests]: class path resource [com/infinitus/rest/InfinitApplicationTests-context.xml] does not exist
20:06:05.852 [main] DEBUG org.springframework.test.context.support.AbstractContextLoader - Did not detect default resource location for test class [com.infinitus.rest.InfinitApplicationTests]: class path resource [com/infinitus/rest/InfinitApplicationTestsContext.groovy] does not exist
20:06:05.853 [main] INFO org.springframework.test.context.support.AbstractContextLoader - Could not detect default resource locations for test class [com.infinitus.rest.InfinitApplicationTests]: no resource found for suffixes {-context.xml, Context.groovy}.
20:06:05.853 [main] INFO org.springframework.test.context.support.AnnotationConfigContextLoaderUtils - Could not detect default configuration classes for test class [com.infinitus.rest.InfinitApplicationTests]: InfinitApplicationTests does not declare any static, non-private, non-final, nested classes annotated with @Configuration.
20:06:05.855 [main] DEBUG org.springframework.test.context.support.ActiveProfilesUtils - Could not find an 'annotation declaring class' for annotation type [org.springframework.test.context.ActiveProfiles] and class [com.infinitus.rest.InfinitApplicationTests]
]]></system-out>
  </testcase>
</testsuite>